<?xml version="1.0" encoding="UTF-8"?>
<testsuite name="hashmap.Tests" tests="1" skipped="0" failures="0" errors="0" timestamp="2020-04-29T17:19:35" hostname="Durgas-MacBook-Pro.local" time="0.149">
  <properties/>
  <testcase name="testProducts()" classname="hashmap.Tests" time="0.149"/>
  <system-out><![CDATA[]]></system-out>
  <system-err><![CDATA[]]></system-err>
</testsuite>
